Сборка начата 26.12.2024 14:53:32.
Уровень детализации журнала: Normal.     1>Проект "D:\проекты 3 сем\АСД\лаб 7\lab7\lab7.vcxproj" в узле 2 (целевые объекты Build).
     1>InitializeBuildStatus:
         Создание "Debug\lab7.tlog\unsuccessfulbuild", так как было задано "AlwaysCreate".
       ClCompile:
         C:\Program Files (x86)\Microsoft Visual Studio\2019\Professional\VC\Tools\MSVC\14.29.30133\bin\HostX86\x86\CL.exe /c /ZI /JMC /nologo /W3 /WX- /diagnostics:column /sdl /Od /Oy- /D WIN32 /D _DEBUG /D _CONSOLE /D _UNICODE /D UNICODE /Gm- /EHsc /RTC1 /MDd /GS /fp:precise /permissive- /Zc:wchar_t /Zc:forScope /Zc:inline /Fo"Debug\\" /Fd"Debug\vc142.pdb" /external:W3 /Gd /TP /analyze- /FC /errorReport:prompt lab7.cpp
         lab7.cpp
     1>D:\проекты 3 сем\АСД\лаб 7\lab7\lab7.cpp(40,16): error C2065: i: необъявленный идентификатор
     1>D:\проекты 3 сем\АСД\лаб 7\lab7\lab7.cpp(41,28): error C2065: i: необъявленный идентификатор
     1>D:\проекты 3 сем\АСД\лаб 7\lab7\lab7.cpp(42,25): error C2065: i: необъявленный идентификатор
     1>D:\проекты 3 сем\АСД\лаб 7\lab7\lab7.cpp(46,24): error C2065: maxLength: необъявленный идентификатор
     1>D:\проекты 3 сем\АСД\лаб 7\lab7\lab7.cpp(47,17): error C2065: maxLength: необъявленный идентификатор
     1>D:\проекты 3 сем\АСД\лаб 7\lab7\lab7.cpp(48,5): error C2059: синтаксическая ошибка: while
     1>D:\проекты 3 сем\АСД\лаб 7\lab7\lab7.cpp(48,29): error C2143: синтаксическая ошибка: отсутствие ";" перед "{"
     1>D:\проекты 3 сем\АСД\лаб 7\lab7\lab7.cpp(48,29): error C2447: {: отсутствует заголовок функции (возможно, используется формальный список старого типа)
     1>D:\проекты 3 сем\АСД\лаб 7\lab7\lab7.cpp(53,10): error C2143: синтаксическая ошибка: отсутствие ";" перед "<<"
     1>D:\проекты 3 сем\АСД\лаб 7\lab7\lab7.cpp(53,10): error C4430: отсутствует спецификатор типа - предполагается int. Примечание. C++ не поддерживает int по умолчанию
     1>D:\проекты 3 сем\АСД\лаб 7\lab7\lab7.cpp(54,10): error C2143: синтаксическая ошибка: отсутствие ";" перед "<<"
     1>D:\проекты 3 сем\АСД\лаб 7\lab7\lab7.cpp(54,10): error C4430: отсутствует спецификатор типа - предполагается int. Примечание. C++ не поддерживает int по умолчанию
     1>D:\проекты 3 сем\АСД\лаб 7\lab7\lab7.cpp(54,5): error C2086: int cout: переопределение
       D:\проекты 3 сем\АСД\лаб 7\lab7\lab7.cpp(53): message : см. объявление "cout"
     1>D:\проекты 3 сем\АСД\лаб 7\lab7\lab7.cpp(55,5): error C2059: синтаксическая ошибка: for
     1>D:\проекты 3 сем\АСД\лаб 7\lab7\lab7.cpp(55,5): error C2143: синтаксическая ошибка: отсутствие ")" перед ";"
     1>D:\проекты 3 сем\АСД\лаб 7\lab7\lab7.cpp(55,23): error C2143: синтаксическая ошибка: отсутствие ";" перед "<"
     1>D:\проекты 3 сем\АСД\лаб 7\lab7\lab7.cpp(55,23): error C4430: отсутствует спецификатор типа - предполагается int. Примечание. C++ не поддерживает int по умолчанию
     1>D:\проекты 3 сем\АСД\лаб 7\lab7\lab7.cpp(55,37): error C2143: синтаксическая ошибка: отсутствие ";" перед "++"
     1>D:\проекты 3 сем\АСД\лаб 7\lab7\lab7.cpp(55,37): error C4430: отсутствует спецификатор типа - предполагается int. Примечание. C++ не поддерживает int по умолчанию
     1>D:\проекты 3 сем\АСД\лаб 7\lab7\lab7.cpp(55,36): error C2086: int i: переопределение
       D:\проекты 3 сем\АСД\лаб 7\lab7\lab7.cpp(55): message : см. объявление "i"
     1>D:\проекты 3 сем\АСД\лаб 7\lab7\lab7.cpp(55,39): error C2059: синтаксическая ошибка: )
     1>D:\проекты 3 сем\АСД\лаб 7\lab7\lab7.cpp(55,41): error C2143: синтаксическая ошибка: отсутствие ";" перед "{"
     1>D:\проекты 3 сем\АСД\лаб 7\lab7\lab7.cpp(55,41): error C2447: {: отсутствует заголовок функции (возможно, используется формальный список старого типа)
     1>D:\проекты 3 сем\АСД\лаб 7\lab7\lab7.cpp(58,10): error C2143: синтаксическая ошибка: отсутствие ";" перед "<<"
     1>D:\проекты 3 сем\АСД\лаб 7\lab7\lab7.cpp(58,10): error C4430: отсутствует спецификатор типа - предполагается int. Примечание. C++ не поддерживает int по умолчанию
     1>D:\проекты 3 сем\АСД\лаб 7\lab7\lab7.cpp(58,5): error C2086: int cout: переопределение
       D:\проекты 3 сем\АСД\лаб 7\lab7\lab7.cpp(53): message : см. объявление "cout"
     1>D:\проекты 3 сем\АСД\лаб 7\lab7\lab7.cpp(61,5): error C2059: синтаксическая ошибка: delete
     1>D:\проекты 3 сем\АСД\лаб 7\lab7\lab7.cpp(62,5): error C2059: синтаксическая ошибка: delete
     1>D:\проекты 3 сем\АСД\лаб 7\lab7\lab7.cpp(63,5): error C2059: синтаксическая ошибка: delete
     1>D:\проекты 3 сем\АСД\лаб 7\lab7\lab7.cpp(64,5): error C2059: синтаксическая ошибка: delete
     1>D:\проекты 3 сем\АСД\лаб 7\lab7\lab7.cpp(66,5): error C2059: синтаксическая ошибка: return
     1>D:\проекты 3 сем\АСД\лаб 7\lab7\lab7.cpp(67,1): error C2059: синтаксическая ошибка: }
     1>D:\проекты 3 сем\АСД\лаб 7\lab7\lab7.cpp(67,1): error C2143: синтаксическая ошибка: отсутствие ";" перед "}"
     1>Сборка проекта "D:\проекты 3 сем\АСД\лаб 7\lab7\lab7.vcxproj" завершена (целевые объекты Build) с ошибкой.

Ошибка сборки.

       "D:\проекты 3 сем\АСД\лаб 7\lab7\lab7.vcxproj" (целевой объект Build ) (1) ->
       (Целевой объект ClCompile) -> 
         D:\проекты 3 сем\АСД\лаб 7\lab7\lab7.cpp(40,16): error C2065: i: необъявленный идентификатор
         D:\проекты 3 сем\АСД\лаб 7\lab7\lab7.cpp(41,28): error C2065: i: необъявленный идентификатор
         D:\проекты 3 сем\АСД\лаб 7\lab7\lab7.cpp(42,25): error C2065: i: необъявленный идентификатор
         D:\проекты 3 сем\АСД\лаб 7\lab7\lab7.cpp(46,24): error C2065: maxLength: необъявленный идентификатор
         D:\проекты 3 сем\АСД\лаб 7\lab7\lab7.cpp(47,17): error C2065: maxLength: необъявленный идентификатор
         D:\проекты 3 сем\АСД\лаб 7\lab7\lab7.cpp(48,5): error C2059: синтаксическая ошибка: while
         D:\проекты 3 сем\АСД\лаб 7\lab7\lab7.cpp(48,29): error C2143: синтаксическая ошибка: отсутствие ";" перед "{"
         D:\проекты 3 сем\АСД\лаб 7\lab7\lab7.cpp(48,29): error C2447: {: отсутствует заголовок функции (возможно, используется формальный список старого типа)
         D:\проекты 3 сем\АСД\лаб 7\lab7\lab7.cpp(53,10): error C2143: синтаксическая ошибка: отсутствие ";" перед "<<"
         D:\проекты 3 сем\АСД\лаб 7\lab7\lab7.cpp(53,10): error C4430: отсутствует спецификатор типа - предполагается int. Примечание. C++ не поддерживает int по умолчанию
         D:\проекты 3 сем\АСД\лаб 7\lab7\lab7.cpp(54,10): error C2143: синтаксическая ошибка: отсутствие ";" перед "<<"
         D:\проекты 3 сем\АСД\лаб 7\lab7\lab7.cpp(54,10): error C4430: отсутствует спецификатор типа - предполагается int. Примечание. C++ не поддерживает int по умолчанию
         D:\проекты 3 сем\АСД\лаб 7\lab7\lab7.cpp(54,5): error C2086: int cout: переопределение
         D:\проекты 3 сем\АСД\лаб 7\lab7\lab7.cpp(55,5): error C2059: синтаксическая ошибка: for
         D:\проекты 3 сем\АСД\лаб 7\lab7\lab7.cpp(55,5): error C2143: синтаксическая ошибка: отсутствие ")" перед ";"
         D:\проекты 3 сем\АСД\лаб 7\lab7\lab7.cpp(55,23): error C2143: синтаксическая ошибка: отсутствие ";" перед "<"
         D:\проекты 3 сем\АСД\лаб 7\lab7\lab7.cpp(55,23): error C4430: отсутствует спецификатор типа - предполагается int. Примечание. C++ не поддерживает int по умолчанию
         D:\проекты 3 сем\АСД\лаб 7\lab7\lab7.cpp(55,37): error C2143: синтаксическая ошибка: отсутствие ";" перед "++"
         D:\проекты 3 сем\АСД\лаб 7\lab7\lab7.cpp(55,37): error C4430: отсутствует спецификатор типа - предполагается int. Примечание. C++ не поддерживает int по умолчанию
         D:\проекты 3 сем\АСД\лаб 7\lab7\lab7.cpp(55,36): error C2086: int i: переопределение
         D:\проекты 3 сем\АСД\лаб 7\lab7\lab7.cpp(55,39): error C2059: синтаксическая ошибка: )
         D:\проекты 3 сем\АСД\лаб 7\lab7\lab7.cpp(55,41): error C2143: синтаксическая ошибка: отсутствие ";" перед "{"
         D:\проекты 3 сем\АСД\лаб 7\lab7\lab7.cpp(55,41): error C2447: {: отсутствует заголовок функции (возможно, используется формальный список старого типа)
         D:\проекты 3 сем\АСД\лаб 7\lab7\lab7.cpp(58,10): error C2143: синтаксическая ошибка: отсутствие ";" перед "<<"
         D:\проекты 3 сем\АСД\лаб 7\lab7\lab7.cpp(58,10): error C4430: отсутствует спецификатор типа - предполагается int. Примечание. C++ не поддерживает int по умолчанию
         D:\проекты 3 сем\АСД\лаб 7\lab7\lab7.cpp(58,5): error C2086: int cout: переопределение
         D:\проекты 3 сем\АСД\лаб 7\lab7\lab7.cpp(61,5): error C2059: синтаксическая ошибка: delete
         D:\проекты 3 сем\АСД\лаб 7\lab7\lab7.cpp(62,5): error C2059: синтаксическая ошибка: delete
         D:\проекты 3 сем\АСД\лаб 7\lab7\lab7.cpp(63,5): error C2059: синтаксическая ошибка: delete
         D:\проекты 3 сем\АСД\лаб 7\lab7\lab7.cpp(64,5): error C2059: синтаксическая ошибка: delete
         D:\проекты 3 сем\АСД\лаб 7\lab7\lab7.cpp(66,5): error C2059: синтаксическая ошибка: return
         D:\проекты 3 сем\АСД\лаб 7\lab7\lab7.cpp(67,1): error C2059: синтаксическая ошибка: }
         D:\проекты 3 сем\АСД\лаб 7\lab7\lab7.cpp(67,1): error C2143: синтаксическая ошибка: отсутствие ";" перед "}"

    Предупреждений: 0
    Ошибок: 33

Прошло времени 00:00:00.77
